<?xml version="1.0" encoding="UTF-8"?>
<!-- Generated by org.testng.reporters.JUnitXMLReporter -->
<testsuite hostname="Nishant-PC" ignored="12" name="Default test" tests="1" failures="0" timestamp="17 Aug 2017 04:13:19 GMT" time="66.056" errors="0">
  <testcase name="lineCmdUsingCW" time="23.667" classname="testngFiles.DrawingPage"/>
  <testcase name="filters" time="0.0" classname="testngFiles.DrawingPage">
    <ignored/>
  </testcase> <!-- filters -->
  <testcase name="switchToModes" time="0.0" classname="testngFiles.DrawingPage">
    <ignored/>
  </testcase> <!-- switchToModes -->
  <testcase name="screenshot" time="0.0" classname="testngFiles.DrawingPage">
    <ignored/>
  </testcase> <!-- screenshot -->
  <testcase name="noofDrawings" time="0.0" classname="testngFiles.DrawingPage">
    <ignored/>
  </testcase> <!-- noofDrawings -->
  <testcase name="termsAndPrivacy" time="0.0" classname="testngFiles.DrawingPage">
    <ignored/>
  </testcase> <!-- termsAndPrivacy -->
  <testcase name="createDrawing" time="0.0" classname="testngFiles.DrawingPage">
    <ignored/>
  </testcase> <!-- createDrawing -->
  <testcase name="drawingLoad" time="0.0" classname="testngFiles.DrawingPage">
    <ignored/>
  </testcase> <!-- drawingLoad -->
  <testcase name="fileUpload" time="0.0" classname="testngFiles.DrawingPage">
    <ignored/>
  </testcase> <!-- fileUpload -->
  <testcase name="storagePageValidation" time="0.0" classname="testngFiles.DrawingPage">
    <ignored/>
  </testcase> <!-- storagePageValidation -->
  <testcase name="CreateFolder" time="0.0" classname="testngFiles.DrawingPage">
    <ignored/>
  </testcase> <!-- CreateFolder -->
  <testcase name="validationElements" time="0.0" classname="testngFiles.DrawingPage">
    <ignored/>
  </testcase> <!-- validationElements -->
  <testcase name="profilePageValidation" time="0.0" classname="testngFiles.DrawingPage">
    <ignored/>
  </testcase> <!-- profilePageValidation -->
</testsuite> <!-- Default test -->
