<?xml version="1.0" encoding="UTF-8"?>
<!-- Generated by org.testng.reporters.JUnitXMLReporter -->
<testsuite hostname="Nishant-PC" ignored="1" name="Test" tests="7" failures="0" timestamp="17 Jul 2017 12:43:53 GMT" time="138.557" errors="0">
  <testcase name="filters" time="10.09" classname="testngFiles.DrawingPage"/>
  <testcase name="noofDrawings" time="10.384" classname="testngFiles.DrawingPage"/>
  <testcase name="profilePageValidation" time="4.387" classname="testngFiles.DrawingPage"/>
  <testcase name="storagePageValidation" time="5.536" classname="testngFiles.DrawingPage"/>
  <testcase name="switchToModes" time="17.407" classname="testngFiles.DrawingPage"/>
  <testcase name="termsAndPrivacy" time="4.962" classname="testngFiles.DrawingPage"/>
  <testcase name="validationElements" time="2.144" classname="testngFiles.DrawingPage"/>
  <testcase name="drawingLoad" time="0.0" classname="testngFiles.DrawingPage">
    <ignored/>
  </testcase> <!-- drawingLoad -->
</testsuite> <!-- Test -->
