<?xml version="1.0" encoding="UTF-8"?>
<!-- Generated by org.testng.reporters.JUnitXMLReporter -->
<testsuite hostname="Nishant-PC" ignored="2" name="Smoke Testcases" tests="10" failures="1" timestamp="08 Aug 2017 09:52:49 GMT" time="239.339" errors="0">
  <testcase name="createDrawing" time="10.352" classname="testngFiles.DrawingPage"/>
  <testcase name="fileUpload" time="0.0" classname="testngFiles.DrawingPage">
    <failure type="java.lang.NullPointerException">
      <![CDATA[java.lang.NullPointerException
	at org.openqa.selenium.support.pagefactory.DefaultElementLocator.findElement(DefaultElementLocator.java:69)
	at org.openqa.selenium.support.pagefactory.internal.LocatingElementHandler.invoke(LocatingElementHandler.java:38)
	at com.sun.proxy.$Proxy7.sendKeys(Unknown Source)
	at testngFiles.DrawingPage.fileUpload(DrawingPage.java:431)
... Removed 24 stack frames]]>
    </failure>
  </testcase> <!-- fileUpload -->
  <testcase name="lineCmdUsingCW" time="11.454" classname="testngFiles.DrawingPage"/>
  <testcase name="noofDrawings" time="9.685" classname="testngFiles.DrawingPage"/>
  <testcase name="profilePageValidation" time="3.384" classname="testngFiles.DrawingPage"/>
  <testcase name="screenshot" time="0.178" classname="testngFiles.DrawingPage"/>
  <testcase name="storagePageValidation" time="5.247" classname="testngFiles.DrawingPage"/>
  <testcase name="switchToModes" time="17.35" classname="testngFiles.DrawingPage"/>
  <testcase name="termsAndPrivacy" time="3.549" classname="testngFiles.DrawingPage"/>
  <testcase name="validationElements" time="0.683" classname="testngFiles.DrawingPage"/>
  <testcase name="filters" time="0.0" classname="testngFiles.DrawingPage">
    <ignored/>
  </testcase> <!-- filters -->
  <testcase name="drawingLoad" time="0.0" classname="testngFiles.DrawingPage">
    <ignored/>
  </testcase> <!-- drawingLoad -->
</testsuite> <!-- Smoke Testcases -->
