<?xml version="1.0" encoding="UTF-8"?>
<testng-results skipped="0" failed="0" ignored="12" total="13" passed="1">
  <reporter-output>
  </reporter-output>
  <suite name="Default suite" duration-ms="66056" started-at="2017-08-17T04:12:12Z" finished-at="2017-08-17T04:13:18Z">
    <groups>
    </groups>
    <test name="Default test" duration-ms="66056" started-at="2017-08-17T04:12:12Z" finished-at="2017-08-17T04:13:18Z">
      <class name="testngFiles.DrawingPage">
        <test-method status="PASS" signature="kudoLogin()[pri:0, instance:testngFiles.DrawingPage@4fe3c938]" name="kudoLogin" is-config="true" duration-ms="31568" started-at="2017-08-17T09:42:12Z" finished-at="2017-08-17T09:42:44Z">
          <reporter-output>
          </reporter-output>
        </test-method> <!-- kudoLogin -->
        <test-method status="PASS" signature="lineCmdUsingCW()[pri:0, instance:testngFiles.DrawingPage@4fe3c938]" name="lineCmdUsingCW" duration-ms="23667" started-at="2017-08-17T09:42:44Z" finished-at="2017-08-17T09:43:08Z">
          <reporter-output>
          </reporter-output>
        </test-method> <!-- lineCmdUsingCW -->
        <test-method status="PASS" signature="kudoLogout()[pri:0, instance:testngFiles.DrawingPage@4fe3c938]" name="kudoLogout" is-config="true" duration-ms="10804" started-at="2017-08-17T09:43:08Z" finished-at="2017-08-17T09:43:18Z">
          <reporter-output>
          </reporter-output>
        </test-method> <!-- kudoLogout -->
      </class> <!-- testngFiles.DrawingPage -->
    </test> <!-- Default test -->
  </suite> <!-- Default suite -->
</testng-results>
